{
  "RSpec": {
    "coverage": {
      "/home/ubuntu/WutangUnlimited/app/models/user.rb": [
        1,
        null,
        null,
        null,
        1,
        null,
        null,
        null,
        1,
        null
      ],
      "/home/ubuntu/WutangUnlimited/app/controllers/application_controller.rb": [
        1,
        null,
        1,
        null
      ],
      "/home/ubuntu/WutangUnlimited/app/helpers/application_helper.rb": [
        1,
        null
      ],
      "/home/ubuntu/WutangUnlimited/app/helpers/home_helper.rb": [
        1,
        null
      ],
      "/home/ubuntu/WutangUnlimited/app/controllers/home_controller.rb": [
        1,
        1,
        null,
        null,
        null
      ],
      "/home/ubuntu/WutangUnlimited/app/controllers/professors_controller.rb": [
        1,
        1,
        1,
        null,
        null,
        1,
        1,
        1,
        null,
        null
      ],
      "/home/ubuntu/WutangUnlimited/app/models/professor.rb": [
        1,
        1,
        1,
        null
      ],
      "/home/ubuntu/WutangUnlimited/app/controllers/votes_controller.rb": [
        1,
        1,
        1,
        2,
        2,
        1,
        null,
        2,
        null,
        null,
        1,
        1,
        1,
        1,
        1,
        null,
        0,
        0,
        null,
        null,
        null,
        1,
        0,
        0,
        null,
        0,
        0,
        null,
        0,
        null,
        null,
        0,
        0,
        null,
        null,
        1,
        0,
        0,
        null,
        null,
        1,
        0,
        0,
        null,
        null
      ],
      "/home/ubuntu/WutangUnlimited/app/models/vote.rb": [
        1,
        null,
        null
      ],
      "/home/ubuntu/WutangUnlimited/app/models/categorie.rb": [
        1,
        null,
        null
      ],
      "/home/ubuntu/WutangUnlimited/app/models/course.rb": [
        1,
        1,
        1,
        null
      ],
      "/home/ubuntu/WutangUnlimited/app/models/member.rb": [
        1,
        null
      ],
      "/home/ubuntu/WutangUnlimited/app/models/teach.rb": [
        1,
        1,
        1,
        null
      ],
      "/home/ubuntu/WutangUnlimited/app/models/voting.rb": [
        1,
        null,
        null
      ]
    },
    "timestamp": 1366059365
  },
  "Cucumber Features": {
    "coverage": {
      "/home/ubuntu/Documents/WutangUnlimited/app/models/user.rb": [
        1,
        null,
        null,
        null,
        1,
        null,
        null,
        null,
        1,
        null
      ],
      "/home/ubuntu/Documents/WutangUnlimited/app/controllers/application_controller.rb": [
        1,
        null,
        1,
        null
      ],
      "/home/ubuntu/Documents/WutangUnlimited/app/helpers/application_helper.rb": [
        1,
        null
      ],
      "/home/ubuntu/Documents/WutangUnlimited/app/helpers/home_helper.rb": [
        1,
        null
      ],
      "/home/ubuntu/Documents/WutangUnlimited/app/controllers/account_controller.rb": [
        1,
        1,
        1,
        0,
        0,
        0,
        null,
        null,
        0,
        null,
        1,
        0,
        0,
        null,
        null
      ],
      "/home/ubuntu/Documents/WutangUnlimited/app/models/account.rb": [
        1,
        null,
        null
      ],
      "/home/ubuntu/Documents/WutangUnlimited/app/controllers/home_controller.rb": [
        1,
        1,
        null,
        1,
        null,
        1,
        null,
        1,
        null,
        1,
        null,
        1,
        null,
        null
      ],
      "/home/ubuntu/Documents/WutangUnlimited/app/controllers/invite_controller.rb": [
        1,
        1,
        1,
        3,
        3,
        1,
        null,
        2,
        null,
        null,
        3,
        null,
        1,
        null,
        1,
        1,
        1,
        null,
        1,
        1,
        null,
        null
      ],
      "/home/ubuntu/Documents/WutangUnlimited/app/models/invite.rb": [
        1,
        null
      ],
      "/home/ubuntu/Documents/WutangUnlimited/app/controllers/professors_controller.rb": [
        1,
        1,
        2,
        null,
        null,
        1,
        1,
        1,
        null,
        null
      ],
      "/home/ubuntu/Documents/WutangUnlimited/app/models/professor.rb": [
        1,
        1,
        1,
        null
      ],
      "/home/ubuntu/Documents/WutangUnlimited/app/controllers/votes_controller.rb": [
        1,
        1,
        1,
        16,
        16,
        1,
        null,
        null,
        16,
        null,
        null,
        1,
        7,
        3,
        3,
        3,
        null,
        4,
        4,
        null,
        null,
        null,
        1,
        4,
        2,
        null,
        2,
        null,
        1,
        1,
        null,
        1,
        0,
        null,
        1,
        null,
        null,
        3,
        3,
        null,
        null,
        1,
        2,
        2,
        null,
        null,
        1,
        2,
        2,
        null,
        1,
        null,
        null,
        null,
        1,
        null,
        null,
        null
      ],
      "/home/ubuntu/Documents/WutangUnlimited/app/models/vote.rb": [
        1,
        null,
        null
      ],
      "/home/ubuntu/Documents/WutangUnlimited/app/mailers/my_mailer.rb": [
        1,
        1,
        1,
        1,
        1,
        1,
        null,
        null
      ],
      "/home/ubuntu/Documents/WutangUnlimited/app/models/categorie.rb": [
        1,
        null,
        null
      ],
      "/home/ubuntu/Documents/WutangUnlimited/app/models/course.rb": [
        1,
        1,
        1,
        null
      ],
      "/home/ubuntu/Documents/WutangUnlimited/app/models/member.rb": [
        1,
        null
      ],
      "/home/ubuntu/Documents/WutangUnlimited/app/models/teach.rb": [
        1,
        1,
        1,
        null
      ],
      "/home/ubuntu/Documents/WutangUnlimited/app/models/voting.rb": [
        1,
        null,
        null
      ]
    },
    "timestamp": 1366486907
  }
}
